Build started 9/6/2012 11:56:51 AM.
     1>Project "C:\Users\greggjs\Documents\GitHub\HomeworkTwo\vc10\HomeworkTwo.vcxproj" on node 2 (build target(s)).
     1>InitializeBuildStatus:
         Touching "Debug\HomeworkTwo.unsuccessfulbuild".
       ClCompile:
         All outputs are up-to-date.
       ResourceCompile:
         C:\Program Files (x86)\Microsoft SDKs\Windows\v7.0A\bin\rc.exe /D _UNICODE /D UNICODE /l"0x0409" /I..\..\..\..\..\..\..\cinder_0.8.4_mac\include /I..\include /nologo /fo"Debug\Resources.res" Resources.rc 
       ManifestResourceCompile:
         C:\Program Files (x86)\Microsoft SDKs\Windows\v7.0A\bin\rc.exe /nologo /fo"Debug\HomeworkTwo.exe.embed.manifest.res" Debug\HomeworkTwo_manifest.rc 
       Link:
         c:\Program Files (x86)\Microsoft Visual Studio 10.0\VC\bin\link.exe /ERRORREPORT:PROMPT /OUT:"C:\Users\greggjs\Documents\GitHub\HomeworkTwo\vc10\Debug\HomeworkTwo.exe" /INCREMENTAL /NOLOGO /LIBPATH:C:\cinder\cinder_0.8.4_vc2010\lib /LIBPATH:C:\cinder\cinder_0.8.4_vc2010\lib\msw /LIBPATH:..\..\..\..\..\..\..\cinder_0.8.4_mac\lib /LIBPATH:..\..\..\..\..\..\..\cinder_0.8.4_mac\lib\msw cinder_d.lib kernel32.lib user32.lib gdi32.lib winspool.lib comdlg32.lib advapi32.lib shell32.lib ole32.lib oleaut32.lib uuid.lib odbc32.lib odbccp32.lib /NODEFAULTLIB:LIBCMT /MANIFEST /ManifestFile:"Debug\HomeworkTwo.exe.intermediate.manifest" /MANIFESTUAC:"level='asInvoker' uiAccess='false'" /DEBUG /PDB:"C:\Users\greggjs\Documents\GitHub\HomeworkTwo\vc10\Debug\HomeworkTwo.pdb" /SUBSYSTEM:WINDOWS /TLBID:1 /DYNAMICBASE:NO /IMPLIB:"C:\Users\greggjs\Documents\GitHub\HomeworkTwo\vc10\Debug\HomeworkTwo.lib" /MACHINE:X86 Debug\Resources.res
         Debug\HomeworkTwo.exe.embed.manifest.res
         Debug\HomeworkTwoApp.obj
         Debug\Shape.obj
         Debug\ShapeList.obj
     1>cinder_d.lib(zutil.obj) : warning LNK4204: 'C:\Users\greggjs\Documents\GitHub\HomeworkTwo\vc10\Debug\vc100.pdb' is missing debugging information for referencing module; linking object as if no debug info
     1>cinder_d.lib(trees.obj) : warning LNK4204: 'C:\Users\greggjs\Documents\GitHub\HomeworkTwo\vc10\Debug\vc100.pdb' is missing debugging information for referencing module; linking object as if no debug info
     1>cinder_d.lib(inftrees.obj) : warning LNK4204: 'C:\Users\greggjs\Documents\GitHub\HomeworkTwo\vc10\Debug\vc100.pdb' is missing debugging information for referencing module; linking object as if no debug info
     1>cinder_d.lib(inflate.obj) : warning LNK4204: 'C:\Users\greggjs\Documents\GitHub\HomeworkTwo\vc10\Debug\vc100.pdb' is missing debugging information for referencing module; linking object as if no debug info
     1>cinder_d.lib(inffast.obj) : warning LNK4204: 'C:\Users\greggjs\Documents\GitHub\HomeworkTwo\vc10\Debug\vc100.pdb' is missing debugging information for referencing module; linking object as if no debug info
     1>cinder_d.lib(deflate.obj) : warning LNK4204: 'C:\Users\greggjs\Documents\GitHub\HomeworkTwo\vc10\Debug\vc100.pdb' is missing debugging information for referencing module; linking object as if no debug info
     1>cinder_d.lib(crc32.obj) : warning LNK4204: 'C:\Users\greggjs\Documents\GitHub\HomeworkTwo\vc10\Debug\vc100.pdb' is missing debugging information for referencing module; linking object as if no debug info
     1>cinder_d.lib(compress.obj) : warning LNK4204: 'C:\Users\greggjs\Documents\GitHub\HomeworkTwo\vc10\Debug\vc100.pdb' is missing debugging information for referencing module; linking object as if no debug info
     1>cinder_d.lib(adler32.obj) : warning LNK4204: 'C:\Users\greggjs\Documents\GitHub\HomeworkTwo\vc10\Debug\vc100.pdb' is missing debugging information for referencing module; linking object as if no debug info
       Manifest:
         C:\Program Files (x86)\Microsoft SDKs\Windows\v7.0A\bin\mt.exe /nologo /verbose /out:"Debug\HomeworkTwo.exe.embed.manifest" /manifest Debug\HomeworkTwo.exe.intermediate.manifest
         C:\Program Files (x86)\Microsoft SDKs\Windows\v7.0A\bin\rc.exe /nologo /fo"Debug\HomeworkTwo.exe.embed.manifest.res" Debug\HomeworkTwo_manifest.rc 
       LinkEmbedManifest:
         c:\Program Files (x86)\Microsoft Visual Studio 10.0\VC\bin\link.exe /ERRORREPORT:PROMPT /OUT:"C:\Users\greggjs\Documents\GitHub\HomeworkTwo\vc10\Debug\HomeworkTwo.exe" /INCREMENTAL /NOLOGO /LIBPATH:C:\cinder\cinder_0.8.4_vc2010\lib /LIBPATH:C:\cinder\cinder_0.8.4_vc2010\lib\msw /LIBPATH:..\..\..\..\..\..\..\cinder_0.8.4_mac\lib /LIBPATH:..\..\..\..\..\..\..\cinder_0.8.4_mac\lib\msw cinder_d.lib kernel32.lib user32.lib gdi32.lib winspool.lib comdlg32.lib advapi32.lib shell32.lib ole32.lib oleaut32.lib uuid.lib odbc32.lib odbccp32.lib /NODEFAULTLIB:LIBCMT /MANIFEST /ManifestFile:"Debug\HomeworkTwo.exe.intermediate.manifest" /MANIFESTUAC:"level='asInvoker' uiAccess='false'" /DEBUG /PDB:"C:\Users\greggjs\Documents\GitHub\HomeworkTwo\vc10\Debug\HomeworkTwo.pdb" /SUBSYSTEM:WINDOWS /TLBID:1 /DYNAMICBASE:NO /IMPLIB:"C:\Users\greggjs\Documents\GitHub\HomeworkTwo\vc10\Debug\HomeworkTwo.lib" /MACHINE:X86 Debug\Resources.res
         Debug\HomeworkTwo.exe.embed.manifest.res
         Debug\HomeworkTwoApp.obj
         Debug\Shape.obj
         Debug\ShapeList.obj
     1>cinder_d.lib(zutil.obj) : warning LNK4204: 'C:\Users\greggjs\Documents\GitHub\HomeworkTwo\vc10\Debug\vc100.pdb' is missing debugging information for referencing module; linking object as if no debug info
     1>cinder_d.lib(trees.obj) : warning LNK4204: 'C:\Users\greggjs\Documents\GitHub\HomeworkTwo\vc10\Debug\vc100.pdb' is missing debugging information for referencing module; linking object as if no debug info
     1>cinder_d.lib(inftrees.obj) : warning LNK4204: 'C:\Users\greggjs\Documents\GitHub\HomeworkTwo\vc10\Debug\vc100.pdb' is missing debugging information for referencing module; linking object as if no debug info
     1>cinder_d.lib(inflate.obj) : warning LNK4204: 'C:\Users\greggjs\Documents\GitHub\HomeworkTwo\vc10\Debug\vc100.pdb' is missing debugging information for referencing module; linking object as if no debug info
     1>cinder_d.lib(inffast.obj) : warning LNK4204: 'C:\Users\greggjs\Documents\GitHub\HomeworkTwo\vc10\Debug\vc100.pdb' is missing debugging information for referencing module; linking object as if no debug info
     1>cinder_d.lib(deflate.obj) : warning LNK4204: 'C:\Users\greggjs\Documents\GitHub\HomeworkTwo\vc10\Debug\vc100.pdb' is missing debugging information for referencing module; linking object as if no debug info
     1>cinder_d.lib(crc32.obj) : warning LNK4204: 'C:\Users\greggjs\Documents\GitHub\HomeworkTwo\vc10\Debug\vc100.pdb' is missing debugging information for referencing module; linking object as if no debug info
     1>cinder_d.lib(compress.obj) : warning LNK4204: 'C:\Users\greggjs\Documents\GitHub\HomeworkTwo\vc10\Debug\vc100.pdb' is missing debugging information for referencing module; linking object as if no debug info
     1>cinder_d.lib(adler32.obj) : warning LNK4204: 'C:\Users\greggjs\Documents\GitHub\HomeworkTwo\vc10\Debug\vc100.pdb' is missing debugging information for referencing module; linking object as if no debug info
         HomeworkTwo.vcxproj -> C:\Users\greggjs\Documents\GitHub\HomeworkTwo\vc10\Debug\HomeworkTwo.exe
       FinalizeBuildStatus:
         Deleting file "Debug\HomeworkTwo.unsuccessfulbuild".
         Touching "Debug\HomeworkTwo.lastbuildstate".
     1>Done Building Project "C:\Users\greggjs\Documents\GitHub\HomeworkTwo\vc10\HomeworkTwo.vcxproj" (build target(s)).

Build succeeded.

Time Elapsed 00:00:04.37
